<?xml version="1.0" encoding="UTF-8"?>
<testsuites name="LoginTest" time="426.378" tests="11" failures="0" errors="0">
   <testsuite name="LoginTest" tests="11" failures="0" errors="0" time="426.378" skipped="0" timestamp="2023-05-27 19:27:17" hostname="sepdwita - sepdwitas-air" id="Test Suites/LoginTest">
      <properties>
         <property name="deviceName" value=""/>
         <property name="devicePlatform" value=""/>
         <property name="logFolder" value="/Users/cinte/git/datadriven_test/Reports/20230527_192713/LoginTest/20230527_192713"/>
         <property name="logFiles" value="/Users/cinte/git/datadriven_test/Reports/20230527_192713/LoginTest/20230527_192713/execution0.log"/>
         <property name="attachments" value=""/>
         <property name="hostName" value="sepdwita - sepdwitas-air"/>
         <property name="os" value="Mac OS X 64bit"/>
         <property name="katalonVersion" value="8.6.0.208"/>
         <property name="browser" value="Chrome 113.0.0.0"/>
         <property name="hostAddress" value="192.168.43.64"/>
         <property name="sessionId" value="6d82f75e1af4278170968d608325f6e5"/>
         <property name="seleniumVersion" value="3.141.59"/>
         <property name="proxyInformation" value="ProxyInformation { proxyOption=NO_PROXY, proxyServerType=HTTP, username=, password=********, proxyServerAddress=, proxyServerPort=0, executionList=&quot;&quot;, isApplyToDesiredCapabilities=true }"/>
         <property name="platform" value="Mac OS X"/>
      </properties>
      <testcase name="Test Cases/TC001- LoginTest" time="31.681" classname="Test Cases/TC001- LoginTest" status="PASSED">
         <system-out><![CDATA[2023-05-27 19:27:17 - [TEST_CASE][PASSED] - Test Cases/TC001- LoginTest: Test Cases/TC001- LoginTest

2023-05-27 19:27:18 - [TEST_STEP][PASSED] - openBrowser(""): Browser is opened with url: ''

2023-05-27 19:27:19 - [MESSAGE][INFO] - Starting 'Chrome' driver

2023-05-27 19:27:19 - [MESSAGE][INFO] - Action delay is set to 0 milliseconds

2023-05-27 19:27:22 - [MESSAGE][PASSED] - Browser is opened with url: ''

2023-05-27 19:27:22 - [TEST_STEP][PASSED] - navigateToUrl("https://www.saucedemo.com/"): Navigate to 'https://www.saucedemo.com/' successfully

2023-05-27 19:27:46 - [MESSAGE][PASSED] - Navigate to 'https://www.saucedemo.com/' successfully

2023-05-27 19:27:46 - [TEST_STEP][PASSED] - setText(findTestObject("Object Repository/TC001_LoginTest/Page_Swag Labs/input_Swag Labs_user-name"), Username): Text 'standard_user' is set on object 'Object Repository/TC001_LoginTest/Page_Swag Labs/input_Swag Labs_user-name'

2023-05-27 19:27:48 - [MESSAGE][PASSED] - Text 'standard_user' is set on object 'Object Repository/TC001_LoginTest/Page_Swag Labs/input_Swag Labs_user-name'

2023-05-27 19:27:48 - [TEST_STEP][PASSED] - setText(findTestObject("Object Repository/TC001_LoginTest/Page_Swag Labs/input_Swag Labs_password"), Password): Text 'secret_sauce' is set on object 'Object Repository/TC001_LoginTest/Page_Swag Labs/input_Swag Labs_password'

2023-05-27 19:27:48 - [MESSAGE][PASSED] - Text 'secret_sauce' is set on object 'Object Repository/TC001_LoginTest/Page_Swag Labs/input_Swag Labs_password'

2023-05-27 19:27:48 - [TEST_STEP][PASSED] - click(findTestObject("Object Repository/TC001_LoginTest/Page_Swag Labs/input_Swag Labs_login-button")): Object: 'Object Repository/TC001_LoginTest/Page_Swag Labs/input_Swag Labs_login-button' is clicked on

2023-05-27 19:27:49 - [MESSAGE][PASSED] - Object: 'Object Repository/TC001_LoginTest/Page_Swag Labs/input_Swag Labs_login-button' is clicked on

2023-05-27 19:27:49 - [TEST_STEP][PASSED] - closeBrowser(): Browser is closed

2023-05-27 19:27:49 - [MESSAGE][PASSED] - Browser is closed]]></system-out>
         <system-err><![CDATA[]]></system-err>
      </testcase>
      <testcase name="Test Cases/TC001- LoginTest" time="12.256" classname="Test Cases/TC001- LoginTest" status="PASSED">
         <system-out><![CDATA[2023-05-27 19:27:49 - [TEST_CASE][PASSED] - Test Cases/TC001- LoginTest: Test Cases/TC001- LoginTest

2023-05-27 19:27:49 - [TEST_STEP][PASSED] - openBrowser(""): Browser is opened with url: ''

2023-05-27 19:27:49 - [MESSAGE][INFO] - Starting 'Chrome' driver

2023-05-27 19:27:49 - [MESSAGE][INFO] - Action delay is set to 0 milliseconds

2023-05-27 19:27:52 - [MESSAGE][PASSED] - Browser is opened with url: ''

2023-05-27 19:27:52 - [TEST_STEP][PASSED] - navigateToUrl("https://www.saucedemo.com/"): Navigate to 'https://www.saucedemo.com/' successfully

2023-05-27 19:27:59 - [MESSAGE][PASSED] - Navigate to 'https://www.saucedemo.com/' successfully

2023-05-27 19:27:59 - [TEST_STEP][PASSED] - setText(findTestObject("Object Repository/TC001_LoginTest/Page_Swag Labs/input_Swag Labs_user-name"), Username): Text 'problem_user' is set on object 'Object Repository/TC001_LoginTest/Page_Swag Labs/input_Swag Labs_user-name'

2023-05-27 19:28:00 - [MESSAGE][PASSED] - Text 'problem_user' is set on object 'Object Repository/TC001_LoginTest/Page_Swag Labs/input_Swag Labs_user-name'

2023-05-27 19:28:00 - [TEST_STEP][PASSED] - setText(findTestObject("Object Repository/TC001_LoginTest/Page_Swag Labs/input_Swag Labs_password"), Password): Text 'secret_sauce' is set on object 'Object Repository/TC001_LoginTest/Page_Swag Labs/input_Swag Labs_password'

2023-05-27 19:28:01 - [MESSAGE][PASSED] - Text 'secret_sauce' is set on object 'Object Repository/TC001_LoginTest/Page_Swag Labs/input_Swag Labs_password'

2023-05-27 19:28:01 - [TEST_STEP][PASSED] - click(findTestObject("Object Repository/TC001_LoginTest/Page_Swag Labs/input_Swag Labs_login-button")): Object: 'Object Repository/TC001_LoginTest/Page_Swag Labs/input_Swag Labs_login-button' is clicked on

2023-05-27 19:28:01 - [MESSAGE][PASSED] - Object: 'Object Repository/TC001_LoginTest/Page_Swag Labs/input_Swag Labs_login-button' is clicked on

2023-05-27 19:28:01 - [TEST_STEP][PASSED] - closeBrowser(): Browser is closed

2023-05-27 19:28:01 - [MESSAGE][PASSED] - Browser is closed]]></system-out>
         <system-err><![CDATA[]]></system-err>
      </testcase>
      <testcase name="Test Cases/TC001- LoginTest" time="14.336" classname="Test Cases/TC001- LoginTest" status="PASSED">
         <system-out><![CDATA[2023-05-27 19:28:01 - [TEST_CASE][PASSED] - Test Cases/TC001- LoginTest: Test Cases/TC001- LoginTest

2023-05-27 19:28:02 - [TEST_STEP][PASSED] - openBrowser(""): Browser is opened with url: ''

2023-05-27 19:28:02 - [MESSAGE][INFO] - Starting 'Chrome' driver

2023-05-27 19:28:02 - [MESSAGE][INFO] - Action delay is set to 0 milliseconds

2023-05-27 19:28:04 - [MESSAGE][PASSED] - Browser is opened with url: ''

2023-05-27 19:28:04 - [TEST_STEP][PASSED] - navigateToUrl("https://www.saucedemo.com/"): Navigate to 'https://www.saucedemo.com/' successfully

2023-05-27 19:28:08 - [MESSAGE][PASSED] - Navigate to 'https://www.saucedemo.com/' successfully

2023-05-27 19:28:08 - [TEST_STEP][PASSED] - setText(findTestObject("Object Repository/TC001_LoginTest/Page_Swag Labs/input_Swag Labs_user-name"), Username): Text 'performance_glitch_user' is set on object 'Object Repository/TC001_LoginTest/Page_Swag Labs/input_Swag Labs_user-name'

2023-05-27 19:28:09 - [MESSAGE][PASSED] - Text 'performance_glitch_user' is set on object 'Object Repository/TC001_LoginTest/Page_Swag Labs/input_Swag Labs_user-name'

2023-05-27 19:28:09 - [TEST_STEP][PASSED] - setText(findTestObject("Object Repository/TC001_LoginTest/Page_Swag Labs/input_Swag Labs_password"), Password): Text 'secret_sauce' is set on object 'Object Repository/TC001_LoginTest/Page_Swag Labs/input_Swag Labs_password'

2023-05-27 19:28:10 - [MESSAGE][PASSED] - Text 'secret_sauce' is set on object 'Object Repository/TC001_LoginTest/Page_Swag Labs/input_Swag Labs_password'

2023-05-27 19:28:10 - [TEST_STEP][PASSED] - click(findTestObject("Object Repository/TC001_LoginTest/Page_Swag Labs/input_Swag Labs_login-button")): Object: 'Object Repository/TC001_LoginTest/Page_Swag Labs/input_Swag Labs_login-button' is clicked on

2023-05-27 19:28:16 - [MESSAGE][PASSED] - Object: 'Object Repository/TC001_LoginTest/Page_Swag Labs/input_Swag Labs_login-button' is clicked on

2023-05-27 19:28:16 - [TEST_STEP][PASSED] - closeBrowser(): Browser is closed

2023-05-27 19:28:16 - [MESSAGE][PASSED] - Browser is closed]]></system-out>
         <system-err><![CDATA[]]></system-err>
      </testcase>
      <testcase name="Test Cases/TC001- LoginTest" time="24.351" classname="Test Cases/TC001- LoginTest" status="PASSED">
         <system-out><![CDATA[2023-05-27 19:28:16 - [TEST_CASE][PASSED] - Test Cases/TC001- LoginTest: Test Cases/TC001- LoginTest

2023-05-27 19:28:16 - [TEST_STEP][PASSED] - openBrowser(""): Browser is opened with url: ''

2023-05-27 19:28:16 - [MESSAGE][INFO] - Starting 'Chrome' driver

2023-05-27 19:28:16 - [MESSAGE][INFO] - Action delay is set to 0 milliseconds

2023-05-27 19:28:18 - [MESSAGE][PASSED] - Browser is opened with url: ''

2023-05-27 19:28:18 - [TEST_STEP][PASSED] - navigateToUrl("https://www.saucedemo.com/"): Navigate to 'https://www.saucedemo.com/' successfully

2023-05-27 19:28:38 - [MESSAGE][PASSED] - Navigate to 'https://www.saucedemo.com/' successfully

2023-05-27 19:28:38 - [TEST_STEP][PASSED] - setText(findTestObject("Object Repository/TC001_LoginTest/Page_Swag Labs/input_Swag Labs_user-name"), Username): Text 'locked_out_user' is set on object 'Object Repository/TC001_LoginTest/Page_Swag Labs/input_Swag Labs_user-name'

2023-05-27 19:28:39 - [MESSAGE][PASSED] - Text 'locked_out_user' is set on object 'Object Repository/TC001_LoginTest/Page_Swag Labs/input_Swag Labs_user-name'

2023-05-27 19:28:39 - [TEST_STEP][PASSED] - setText(findTestObject("Object Repository/TC001_LoginTest/Page_Swag Labs/input_Swag Labs_password"), Password): Text 'secret_sauce' is set on object 'Object Repository/TC001_LoginTest/Page_Swag Labs/input_Swag Labs_password'

2023-05-27 19:28:40 - [MESSAGE][PASSED] - Text 'secret_sauce' is set on object 'Object Repository/TC001_LoginTest/Page_Swag Labs/input_Swag Labs_password'

2023-05-27 19:28:40 - [TEST_STEP][PASSED] - click(findTestObject("Object Repository/TC001_LoginTest/Page_Swag Labs/input_Swag Labs_login-button")): Object: 'Object Repository/TC001_LoginTest/Page_Swag Labs/input_Swag Labs_login-button' is clicked on

2023-05-27 19:28:40 - [MESSAGE][PASSED] - Object: 'Object Repository/TC001_LoginTest/Page_Swag Labs/input_Swag Labs_login-button' is clicked on

2023-05-27 19:28:40 - [TEST_STEP][PASSED] - closeBrowser(): Browser is closed

2023-05-27 19:28:40 - [MESSAGE][PASSED] - Browser is closed]]></system-out>
         <system-err><![CDATA[]]></system-err>
      </testcase>
      <testcase name="Test Cases/TC001- LoginTest" time="29.481" classname="Test Cases/TC001- LoginTest" status="PASSED">
         <system-out><![CDATA[2023-05-27 19:28:40 - [TEST_CASE][PASSED] - Test Cases/TC001- LoginTest: Test Cases/TC001- LoginTest

2023-05-27 19:28:40 - [TEST_STEP][PASSED] - openBrowser(""): Browser is opened with url: ''

2023-05-27 19:28:40 - [MESSAGE][INFO] - Starting 'Chrome' driver

2023-05-27 19:28:40 - [MESSAGE][INFO] - Action delay is set to 0 milliseconds

2023-05-27 19:28:43 - [MESSAGE][PASSED] - Browser is opened with url: ''

2023-05-27 19:28:43 - [TEST_STEP][PASSED] - navigateToUrl("https://www.saucedemo.com/"): Navigate to 'https://www.saucedemo.com/' successfully

2023-05-27 19:29:07 - [MESSAGE][PASSED] - Navigate to 'https://www.saucedemo.com/' successfully

2023-05-27 19:29:07 - [TEST_STEP][PASSED] - setText(findTestObject("Object Repository/TC001_LoginTest/Page_Swag Labs/input_Swag Labs_user-name"), Username): Text 'admin1' is set on object 'Object Repository/TC001_LoginTest/Page_Swag Labs/input_Swag Labs_user-name'

2023-05-27 19:29:08 - [MESSAGE][PASSED] - Text 'admin1' is set on object 'Object Repository/TC001_LoginTest/Page_Swag Labs/input_Swag Labs_user-name'

2023-05-27 19:29:08 - [TEST_STEP][PASSED] - setText(findTestObject("Object Repository/TC001_LoginTest/Page_Swag Labs/input_Swag Labs_password"), Password): Text 'testing1' is set on object 'Object Repository/TC001_LoginTest/Page_Swag Labs/input_Swag Labs_password'

2023-05-27 19:29:09 - [MESSAGE][PASSED] - Text 'testing1' is set on object 'Object Repository/TC001_LoginTest/Page_Swag Labs/input_Swag Labs_password'

2023-05-27 19:29:09 - [TEST_STEP][PASSED] - click(findTestObject("Object Repository/TC001_LoginTest/Page_Swag Labs/input_Swag Labs_login-button")): Object: 'Object Repository/TC001_LoginTest/Page_Swag Labs/input_Swag Labs_login-button' is clicked on

2023-05-27 19:29:10 - [MESSAGE][PASSED] - Object: 'Object Repository/TC001_LoginTest/Page_Swag Labs/input_Swag Labs_login-button' is clicked on

2023-05-27 19:29:10 - [TEST_STEP][PASSED] - closeBrowser(): Browser is closed

2023-05-27 19:29:10 - [MESSAGE][PASSED] - Browser is closed]]></system-out>
         <system-err><![CDATA[]]></system-err>
      </testcase>
      <testcase name="Test Cases/TC002 - UsernameNull" time="18.75" classname="Test Cases/TC002 - UsernameNull" status="PASSED">
         <system-out><![CDATA[2023-05-27 19:29:10 - [TEST_CASE][PASSED] - Test Cases/TC002 - UsernameNull: Test Cases/TC002 - UsernameNull

2023-05-27 19:29:10 - [TEST_STEP][PASSED] - openBrowser(""): Browser is opened with url: ''

2023-05-27 19:29:10 - [MESSAGE][INFO] - Starting 'Chrome' driver

2023-05-27 19:29:10 - [MESSAGE][INFO] - Action delay is set to 0 milliseconds

2023-05-27 19:29:13 - [MESSAGE][PASSED] - Browser is opened with url: ''

2023-05-27 19:29:13 - [TEST_STEP][PASSED] - navigateToUrl("https://www.saucedemo.com/"): Navigate to 'https://www.saucedemo.com/' successfully

2023-05-27 19:29:27 - [MESSAGE][PASSED] - Navigate to 'https://www.saucedemo.com/' successfully

2023-05-27 19:29:27 - [TEST_STEP][PASSED] - setText(findTestObject("Object Repository/TC002_UsernameNull/Page_Swag Labs/input_Swag Labs_password"), Password): Text 'secret_sauce' is set on object 'Object Repository/TC002_UsernameNull/Page_Swag Labs/input_Swag Labs_password'

2023-05-27 19:29:28 - [MESSAGE][PASSED] - Text 'secret_sauce' is set on object 'Object Repository/TC002_UsernameNull/Page_Swag Labs/input_Swag Labs_password'

2023-05-27 19:29:28 - [TEST_STEP][PASSED] - click(findTestObject("Object Repository/TC002_UsernameNull/Page_Swag Labs/input_Swag Labs_login-button")): Object: 'Object Repository/TC002_UsernameNull/Page_Swag Labs/input_Swag Labs_login-button' is clicked on

2023-05-27 19:29:28 - [MESSAGE][PASSED] - Object: 'Object Repository/TC002_UsernameNull/Page_Swag Labs/input_Swag Labs_login-button' is clicked on

2023-05-27 19:29:28 - [TEST_STEP][PASSED] - closeBrowser(): Browser is closed

2023-05-27 19:29:29 - [MESSAGE][PASSED] - Browser is closed]]></system-out>
         <system-err><![CDATA[]]></system-err>
      </testcase>
      <testcase name="Test Cases/TC002 - UsernameNull" time="8.933" classname="Test Cases/TC002 - UsernameNull" status="PASSED">
         <system-out><![CDATA[2023-05-27 19:29:29 - [TEST_CASE][PASSED] - Test Cases/TC002 - UsernameNull: Test Cases/TC002 - UsernameNull

2023-05-27 19:29:29 - [TEST_STEP][PASSED] - openBrowser(""): Browser is opened with url: ''

2023-05-27 19:29:29 - [MESSAGE][INFO] - Starting 'Chrome' driver

2023-05-27 19:29:29 - [MESSAGE][INFO] - Action delay is set to 0 milliseconds

2023-05-27 19:29:31 - [MESSAGE][PASSED] - Browser is opened with url: ''

2023-05-27 19:29:31 - [TEST_STEP][PASSED] - navigateToUrl("https://www.saucedemo.com/"): Navigate to 'https://www.saucedemo.com/' successfully

2023-05-27 19:29:36 - [MESSAGE][PASSED] - Navigate to 'https://www.saucedemo.com/' successfully

2023-05-27 19:29:36 - [TEST_STEP][PASSED] - setText(findTestObject("Object Repository/TC002_UsernameNull/Page_Swag Labs/input_Swag Labs_password"), Password): Text 'secret_sauce' is set on object 'Object Repository/TC002_UsernameNull/Page_Swag Labs/input_Swag Labs_password'

2023-05-27 19:29:37 - [MESSAGE][PASSED] - Text 'secret_sauce' is set on object 'Object Repository/TC002_UsernameNull/Page_Swag Labs/input_Swag Labs_password'

2023-05-27 19:29:37 - [TEST_STEP][PASSED] - click(findTestObject("Object Repository/TC002_UsernameNull/Page_Swag Labs/input_Swag Labs_login-button")): Object: 'Object Repository/TC002_UsernameNull/Page_Swag Labs/input_Swag Labs_login-button' is clicked on

2023-05-27 19:29:37 - [MESSAGE][PASSED] - Object: 'Object Repository/TC002_UsernameNull/Page_Swag Labs/input_Swag Labs_login-button' is clicked on

2023-05-27 19:29:37 - [TEST_STEP][PASSED] - closeBrowser(): Browser is closed

2023-05-27 19:29:38 - [MESSAGE][PASSED] - Browser is closed]]></system-out>
         <system-err><![CDATA[]]></system-err>
      </testcase>
      <testcase name="Test Cases/TC002 - UsernameNull" time="9.879" classname="Test Cases/TC002 - UsernameNull" status="PASSED">
         <system-out><![CDATA[2023-05-27 19:32:02 - [TEST_CASE][PASSED] - Test Cases/TC002 - UsernameNull: Test Cases/TC002 - UsernameNull

2023-05-27 19:32:02 - [TEST_STEP][PASSED] - openBrowser(""): Browser is opened with url: ''

2023-05-27 19:32:02 - [MESSAGE][WARNING] - A browser is already opened. Closing browser and opening a new one

2023-05-27 19:32:02 - [MESSAGE][INFO] - Starting 'Chrome' driver

2023-05-27 19:32:02 - [MESSAGE][INFO] - Action delay is set to 0 milliseconds

2023-05-27 19:32:05 - [MESSAGE][PASSED] - Browser is opened with url: ''

2023-05-27 19:32:05 - [TEST_STEP][PASSED] - navigateToUrl("https://www.saucedemo.com/"): Navigate to 'https://www.saucedemo.com/' successfully

2023-05-27 19:32:10 - [MESSAGE][PASSED] - Navigate to 'https://www.saucedemo.com/' successfully

2023-05-27 19:32:10 - [TEST_STEP][PASSED] - setText(findTestObject("Object Repository/TC002_UsernameNull/Page_Swag Labs/input_Swag Labs_password"), Password): Text 'secret_sauce' is set on object 'Object Repository/TC002_UsernameNull/Page_Swag Labs/input_Swag Labs_password'

2023-05-27 19:32:11 - [MESSAGE][PASSED] - Text 'secret_sauce' is set on object 'Object Repository/TC002_UsernameNull/Page_Swag Labs/input_Swag Labs_password'

2023-05-27 19:32:11 - [TEST_STEP][PASSED] - click(findTestObject("Object Repository/TC002_UsernameNull/Page_Swag Labs/input_Swag Labs_login-button")): Object: 'Object Repository/TC002_UsernameNull/Page_Swag Labs/input_Swag Labs_login-button' is clicked on

2023-05-27 19:32:12 - [MESSAGE][PASSED] - Object: 'Object Repository/TC002_UsernameNull/Page_Swag Labs/input_Swag Labs_login-button' is clicked on

2023-05-27 19:32:12 - [TEST_STEP][PASSED] - closeBrowser(): Browser is closed

2023-05-27 19:32:12 - [MESSAGE][PASSED] - Browser is closed]]></system-out>
         <system-err><![CDATA[]]></system-err>
      </testcase>
      <testcase name="Test Cases/TC002 - UsernameNull" time="8.368" classname="Test Cases/TC002 - UsernameNull" status="PASSED">
         <system-out><![CDATA[2023-05-27 19:32:12 - [TEST_CASE][PASSED] - Test Cases/TC002 - UsernameNull: Test Cases/TC002 - UsernameNull

2023-05-27 19:32:12 - [TEST_STEP][PASSED] - openBrowser(""): Browser is opened with url: ''

2023-05-27 19:32:12 - [MESSAGE][INFO] - Starting 'Chrome' driver

2023-05-27 19:32:12 - [MESSAGE][INFO] - Action delay is set to 0 milliseconds

2023-05-27 19:32:14 - [MESSAGE][PASSED] - Browser is opened with url: ''

2023-05-27 19:32:14 - [TEST_STEP][PASSED] - navigateToUrl("https://www.saucedemo.com/"): Navigate to 'https://www.saucedemo.com/' successfully

2023-05-27 19:32:18 - [MESSAGE][PASSED] - Navigate to 'https://www.saucedemo.com/' successfully

2023-05-27 19:32:18 - [TEST_STEP][PASSED] - setText(findTestObject("Object Repository/TC002_UsernameNull/Page_Swag Labs/input_Swag Labs_password"), Password): Text 'secret_sauce' is set on object 'Object Repository/TC002_UsernameNull/Page_Swag Labs/input_Swag Labs_password'

2023-05-27 19:32:19 - [MESSAGE][PASSED] - Text 'secret_sauce' is set on object 'Object Repository/TC002_UsernameNull/Page_Swag Labs/input_Swag Labs_password'

2023-05-27 19:32:19 - [TEST_STEP][PASSED] - click(findTestObject("Object Repository/TC002_UsernameNull/Page_Swag Labs/input_Swag Labs_login-button")): Object: 'Object Repository/TC002_UsernameNull/Page_Swag Labs/input_Swag Labs_login-button' is clicked on

2023-05-27 19:32:20 - [MESSAGE][PASSED] - Object: 'Object Repository/TC002_UsernameNull/Page_Swag Labs/input_Swag Labs_login-button' is clicked on

2023-05-27 19:32:20 - [TEST_STEP][PASSED] - closeBrowser(): Browser is closed

2023-05-27 19:32:20 - [MESSAGE][PASSED] - Browser is closed]]></system-out>
         <system-err><![CDATA[]]></system-err>
      </testcase>
      <testcase name="Test Cases/TC002 - UsernameNull" time="52.928" classname="Test Cases/TC002 - UsernameNull" status="PASSED">
         <system-out><![CDATA[2023-05-27 19:32:20 - [TEST_CASE][PASSED] - Test Cases/TC002 - UsernameNull: Test Cases/TC002 - UsernameNull

2023-05-27 19:32:20 - [TEST_STEP][PASSED] - openBrowser(""): Browser is opened with url: ''

2023-05-27 19:32:20 - [MESSAGE][INFO] - Starting 'Chrome' driver

2023-05-27 19:32:20 - [MESSAGE][INFO] - Action delay is set to 0 milliseconds

2023-05-27 19:32:23 - [MESSAGE][PASSED] - Browser is opened with url: ''

2023-05-27 19:32:23 - [TEST_STEP][PASSED] - navigateToUrl("https://www.saucedemo.com/"): Navigate to 'https://www.saucedemo.com/' successfully

2023-05-27 19:33:07 - [MESSAGE][PASSED] - Navigate to 'https://www.saucedemo.com/' successfully

2023-05-27 19:33:07 - [TEST_STEP][PASSED] - setText(findTestObject("Object Repository/TC002_UsernameNull/Page_Swag Labs/input_Swag Labs_password"), Password): Text 'testing1' is set on object 'Object Repository/TC002_UsernameNull/Page_Swag Labs/input_Swag Labs_password'

2023-05-27 19:33:11 - [MESSAGE][PASSED] - Text 'testing1' is set on object 'Object Repository/TC002_UsernameNull/Page_Swag Labs/input_Swag Labs_password'

2023-05-27 19:33:11 - [TEST_STEP][PASSED] - click(findTestObject("Object Repository/TC002_UsernameNull/Page_Swag Labs/input_Swag Labs_login-button")): Object: 'Object Repository/TC002_UsernameNull/Page_Swag Labs/input_Swag Labs_login-button' is clicked on

2023-05-27 19:33:13 - [MESSAGE][PASSED] - Object: 'Object Repository/TC002_UsernameNull/Page_Swag Labs/input_Swag Labs_login-button' is clicked on

2023-05-27 19:33:13 - [TEST_STEP][PASSED] - closeBrowser(): Browser is closed

2023-05-27 19:33:13 - [MESSAGE][PASSED] - Browser is closed]]></system-out>
         <system-err><![CDATA[]]></system-err>
      </testcase>
      <testcase name="Test Cases/TC003 - PassNull" time="30.461" classname="Test Cases/TC003 - PassNull" status="PASSED">
         <system-out><![CDATA[2023-05-27 19:33:53 - [TEST_CASE][PASSED] - Test Cases/TC003 - PassNull: Test Cases/TC003 - PassNull

2023-05-27 19:33:53 - [TEST_STEP][PASSED] - openBrowser(""): Browser is opened with url: ''

2023-05-27 19:33:53 - [MESSAGE][WARNING] - A browser is already opened. Closing browser and opening a new one

2023-05-27 19:33:53 - [MESSAGE][INFO] - Starting 'Chrome' driver

2023-05-27 19:33:53 - [MESSAGE][INFO] - Action delay is set to 0 milliseconds

2023-05-27 19:33:55 - [MESSAGE][PASSED] - Browser is opened with url: ''

2023-05-27 19:33:55 - [TEST_STEP][PASSED] - navigateToUrl("https://www.saucedemo.com/"): Navigate to 'https://www.saucedemo.com/' successfully

2023-05-27 19:34:17 - [MESSAGE][PASSED] - Navigate to 'https://www.saucedemo.com/' successfully

2023-05-27 19:34:17 - [TEST_STEP][PASSED] - setText(findTestObject("Object Repository/TC003_PassNull/Page_Swag Labs/input_Swag Labs_user-name"), Username): Text '' is set on object 'Object Repository/TC003_PassNull/Page_Swag Labs/input_Swag Labs_user-name'

2023-05-27 19:34:21 - [MESSAGE][PASSED] - Text '' is set on object 'Object Repository/TC003_PassNull/Page_Swag Labs/input_Swag Labs_user-name'

2023-05-27 19:34:21 - [TEST_STEP][PASSED] - click(findTestObject("Object Repository/TC003_PassNull/Page_Swag Labs/input_Swag Labs_login-button")): Object: 'Object Repository/TC003_PassNull/Page_Swag Labs/input_Swag Labs_login-button' is clicked on

2023-05-27 19:34:23 - [MESSAGE][PASSED] - Object: 'Object Repository/TC003_PassNull/Page_Swag Labs/input_Swag Labs_login-button' is clicked on

2023-05-27 19:34:23 - [TEST_STEP][PASSED] - closeBrowser(): Browser is closed

2023-05-27 19:34:23 - [MESSAGE][PASSED] - Browser is closed]]></system-out>
         <system-err><![CDATA[]]></system-err>
      </testcase>
      <system-out><![CDATA[2023-05-27 19:27:17 - [TEST_SUITE][FAILED] - LoginTest: Test Cases/TC002 - UsernameNull FAILED.
Reason:
com.kms.katalon.core.exception.StepFailedException: Unable to set text 'secret_sauce' of object 'Object Repository/TC002_UsernameNull/Page_Swag Labs/input_Swag Labs_password'
	at com.kms.katalon.core.webui.keyword.internal.WebUIKeywordMain.stepFailed(WebUIKeywordMain.groovy:64)
	at com.kms.katalon.core.webui.keyword.internal.WebUIKeywordMain.runKeyword(WebUIKeywordMain.groovy:26)
	at com.kms.katalon.core.webui.keyword.builtin.SetTextKeyword.setText(SetTextKeyword.groovy:66)
	at com.kms.katalon.core.webui.keyword.builtin.SetTextKeyword.execute(SetTextKeyword.groovy:37)
	at com.kms.katalon.core.keyword.internal.KeywordExecutor.executeKeywordForPlatform(KeywordExecutor.groovy:74)
	at com.kms.katalon.core.webui.keyword.WebUiBuiltInKeywords.setText(WebUiBuiltInKeywords.groovy:980)
	at com.kms.katalon.core.webui.keyword.WebUiBuiltInKeywords$setText$1.call(Unknown Source)
	at TC002 - UsernameNull.run(TC002 - UsernameNull:24)
	at com.kms.katalon.core.main.ScriptEngine.run(ScriptEngine.java:194)
	at com.kms.katalon.core.main.ScriptEngine.runScriptAsRawText(ScriptEngine.java:119)
	at com.kms.katalon.core.main.TestCaseExecutor.runScript(TestCaseExecutor.java:448)
	at com.kms.katalon.core.main.TestCaseExecutor.doExecute(TestCaseExecutor.java:439)
	at com.kms.katalon.core.main.TestCaseExecutor.processExecutionPhase(TestCaseExecutor.java:418)
	at com.kms.katalon.core.main.TestCaseExecutor.accessMainPhase(TestCaseExecutor.java:410)
	at com.kms.katalon.core.main.TestCaseExecutor.execute(TestCaseExecutor.java:285)
	at com.kms.katalon.core.common.CommonExecutor.accessTestCaseMainPhase(CommonExecutor.java:65)
	at com.kms.katalon.core.main.TestSuiteExecutor.accessTestSuiteMainPhase(TestSuiteExecutor.java:148)
	at com.kms.katalon.core.main.TestSuiteExecutor.execute(TestSuiteExecutor.java:106)
	at com.kms.katalon.core.main.TestCaseMain.startTestSuite(TestCaseMain.java:187)
	at com.kms.katalon.core.main.TestCaseMain$startTestSuite$0.call(Unknown Source)
	at TempTestSuite1685190433233.run(TempTestSuite1685190433233.groovy:36)
Caused by: org.openqa.selenium.NoSuchWindowException: no such window: target window already closed
from unknown error: web view not found
  (Session info: chrome=113.0.5672.126)
Build info: version: '3.141.59', revision: 'e82be7d358', time: '2018-11-14T08:25:53'
System info: host: 'sepdwitas-Air', ip: 'fe80:0:0:0:8c:cf19:3e8c:9df3%en0', os.name: 'Mac OS X', os.arch: 'x86_64', os.version: '10.16', java.version: '1.8.0_275'
Driver info: com.kms.katalon.selenium.driver.CChromeDriver
Capabilities {acceptInsecureCerts: false, browserName: chrome, browserVersion: 113.0.5672.126, chrome: {chromedriverVersion: 113.0.5672.63 (0e1a4471d5ae..., userDataDir: /var/folders/pp/8qk0pq716lj...}, goog:chromeOptions: {debuggerAddress: localhost:56861}, javascriptEnabled: true, networkConnectionEnabled: false, pageLoadStrategy: normal, platform: MAC, platformName: MAC, proxy: Proxy(), setWindowRect: true, strictFileInteractability: false, timeouts: {implicit: 0, pageLoad: 300000, script: 30000}, unhandledPromptBehavior: dismiss and notify, webauthn:extension:credBlob: true, webauthn:extension:largeBlob: true, webauthn:extension:minPinLength: true, webauthn:extension:prf: true, webauthn:virtualAuthenticators: true}
Session ID: 0e9ccfa1cf8fa56ceb7b29ba2bb469d3
*** Element info: {Using=xpath, value=//input[@id='password']}
	at org.openqa.selenium.remote.http.W3CHttpResponseCodec.createException(W3CHttpResponseCodec.java:187)
	at org.openqa.selenium.remote.http.W3CHttpResponseCodec.decode(W3CHttpResponseCodec.java:122)
	at org.openqa.selenium.remote.http.W3CHttpResponseCodec.decode(W3CHttpResponseCodec.java:49)
	at org.openqa.selenium.remote.HttpCommandExecutor.execute(HttpCommandExecutor.java:158)
	at org.openqa.selenium.remote.service.DriverCommandExecutor.execute(DriverCommandExecutor.java:83)
	at org.openqa.selenium.remote.RemoteWebDriver.execute(RemoteWebDriver.java:552)
	at com.kms.katalon.selenium.driver.CChromeDriver.execute(CChromeDriver.java:19)
	at org.openqa.selenium.remote.RemoteWebDriver.findElements(RemoteWebDriver.java:353)
	at org.openqa.selenium.remote.RemoteWebDriver.findElementsByXPath(RemoteWebDriver.java:432)
	at org.openqa.selenium.By$ByXPath.findElements(By.java:348)
	at org.openqa.selenium.remote.RemoteWebDriver.findElements(RemoteWebDriver.java:311)
	at org.openqa.selenium.support.events.EventFiringWebDriver.lambda$new$1(EventFiringWebDriver.java:105)
	at com.sun.proxy.$Proxy10.findElements(Unknown Source)
	at org.openqa.selenium.support.events.EventFiringWebDriver.findElements(EventFiringWebDriver.java:182)
	at com.kms.katalon.core.webui.common.WebUiCommonHelper.findElementByNormalMethods(WebUiCommonHelper.java:1022)
	at com.kms.katalon.core.webui.common.WebUiCommonHelper.findElementsBySelectedMethod(WebUiCommonHelper.java:912)
	at com.kms.katalon.core.webui.common.WebUiCommonHelper.findElementsBySelectedMethod(WebUiCommonHelper.java:894)
	at com.kms.katalon.core.webui.common.WebUiCommonHelper.findElementsBySelectedMethod(WebUiCommonHelper.java:889)
	at com.kms.katalon.core.webui.common.WebUiCommonHelper.findElementsByDefault(WebUiCommonHelper.java:885)
	at com.kms.katalon.core.webui.common.WebUiCommonHelper.findElementsWithSelfHealing(WebUiCommonHelper.java:733)
	at com.kms.katalon.core.webui.common.WebUiCommonHelper.findWebElements(WebUiCommonHelper.java:718)
	at com.kms.katalon.core.webui.common.WebUiCommonHelper.findWebElement(WebUiCommonHelper.java:1371)
	at com.kms.katalon.core.webui.keyword.internal.WebUIAbstractKeyword.findWebElement(WebUIAbstractKeyword.groovy:27)
	at com.kms.katalon.core.webui.keyword.internal.WebUIAbstractKeyword.findWebElement(WebUIAbstractKeyword.groovy:26)
	at com.kms.katalon.core.webui.keyword.builtin.SetTextKeyword$_setText_closure1.doCall(SetTextKeyword.groovy:51)
	at com.kms.katalon.core.webui.keyword.builtin.SetTextKeyword$_setText_closure1.call(SetTextKeyword.groovy)
	at com.kms.katalon.core.webui.keyword.internal.WebUIKeywordMain.runKeyword(WebUIKeywordMain.groovy:20)
	... 19 more]]></system-out>
      <system-err><![CDATA[2023-05-27 19:27:17 - [TEST_SUITE][FAILED] - LoginTest: Test Cases/TC002 - UsernameNull FAILED.
Reason:
com.kms.katalon.core.exception.StepFailedException: Unable to set text 'secret_sauce' of object 'Object Repository/TC002_UsernameNull/Page_Swag Labs/input_Swag Labs_password'
	at com.kms.katalon.core.webui.keyword.internal.WebUIKeywordMain.stepFailed(WebUIKeywordMain.groovy:64)
	at com.kms.katalon.core.webui.keyword.internal.WebUIKeywordMain.runKeyword(WebUIKeywordMain.groovy:26)
	at com.kms.katalon.core.webui.keyword.builtin.SetTextKeyword.setText(SetTextKeyword.groovy:66)
	at com.kms.katalon.core.webui.keyword.builtin.SetTextKeyword.execute(SetTextKeyword.groovy:37)
	at com.kms.katalon.core.keyword.internal.KeywordExecutor.executeKeywordForPlatform(KeywordExecutor.groovy:74)
	at com.kms.katalon.core.webui.keyword.WebUiBuiltInKeywords.setText(WebUiBuiltInKeywords.groovy:980)
	at com.kms.katalon.core.webui.keyword.WebUiBuiltInKeywords$setText$1.call(Unknown Source)
	at TC002 - UsernameNull.run(TC002 - UsernameNull:24)
	at com.kms.katalon.core.main.ScriptEngine.run(ScriptEngine.java:194)
	at com.kms.katalon.core.main.ScriptEngine.runScriptAsRawText(ScriptEngine.java:119)
	at com.kms.katalon.core.main.TestCaseExecutor.runScript(TestCaseExecutor.java:448)
	at com.kms.katalon.core.main.TestCaseExecutor.doExecute(TestCaseExecutor.java:439)
	at com.kms.katalon.core.main.TestCaseExecutor.processExecutionPhase(TestCaseExecutor.java:418)
	at com.kms.katalon.core.main.TestCaseExecutor.accessMainPhase(TestCaseExecutor.java:410)
	at com.kms.katalon.core.main.TestCaseExecutor.execute(TestCaseExecutor.java:285)
	at com.kms.katalon.core.common.CommonExecutor.accessTestCaseMainPhase(CommonExecutor.java:65)
	at com.kms.katalon.core.main.TestSuiteExecutor.accessTestSuiteMainPhase(TestSuiteExecutor.java:148)
	at com.kms.katalon.core.main.TestSuiteExecutor.execute(TestSuiteExecutor.java:106)
	at com.kms.katalon.core.main.TestCaseMain.startTestSuite(TestCaseMain.java:187)
	at com.kms.katalon.core.main.TestCaseMain$startTestSuite$0.call(Unknown Source)
	at TempTestSuite1685190433233.run(TempTestSuite1685190433233.groovy:36)
Caused by: org.openqa.selenium.NoSuchWindowException: no such window: target window already closed
from unknown error: web view not found
  (Session info: chrome=113.0.5672.126)
Build info: version: '3.141.59', revision: 'e82be7d358', time: '2018-11-14T08:25:53'
System info: host: 'sepdwitas-Air', ip: 'fe80:0:0:0:8c:cf19:3e8c:9df3%en0', os.name: 'Mac OS X', os.arch: 'x86_64', os.version: '10.16', java.version: '1.8.0_275'
Driver info: com.kms.katalon.selenium.driver.CChromeDriver
Capabilities {acceptInsecureCerts: false, browserName: chrome, browserVersion: 113.0.5672.126, chrome: {chromedriverVersion: 113.0.5672.63 (0e1a4471d5ae..., userDataDir: /var/folders/pp/8qk0pq716lj...}, goog:chromeOptions: {debuggerAddress: localhost:56861}, javascriptEnabled: true, networkConnectionEnabled: false, pageLoadStrategy: normal, platform: MAC, platformName: MAC, proxy: Proxy(), setWindowRect: true, strictFileInteractability: false, timeouts: {implicit: 0, pageLoad: 300000, script: 30000}, unhandledPromptBehavior: dismiss and notify, webauthn:extension:credBlob: true, webauthn:extension:largeBlob: true, webauthn:extension:minPinLength: true, webauthn:extension:prf: true, webauthn:virtualAuthenticators: true}
Session ID: 0e9ccfa1cf8fa56ceb7b29ba2bb469d3
*** Element info: {Using=xpath, value=//input[@id='password']}
	at org.openqa.selenium.remote.http.W3CHttpResponseCodec.createException(W3CHttpResponseCodec.java:187)
	at org.openqa.selenium.remote.http.W3CHttpResponseCodec.decode(W3CHttpResponseCodec.java:122)
	at org.openqa.selenium.remote.http.W3CHttpResponseCodec.decode(W3CHttpResponseCodec.java:49)
	at org.openqa.selenium.remote.HttpCommandExecutor.execute(HttpCommandExecutor.java:158)
	at org.openqa.selenium.remote.service.DriverCommandExecutor.execute(DriverCommandExecutor.java:83)
	at org.openqa.selenium.remote.RemoteWebDriver.execute(RemoteWebDriver.java:552)
	at com.kms.katalon.selenium.driver.CChromeDriver.execute(CChromeDriver.java:19)
	at org.openqa.selenium.remote.RemoteWebDriver.findElements(RemoteWebDriver.java:353)
	at org.openqa.selenium.remote.RemoteWebDriver.findElementsByXPath(RemoteWebDriver.java:432)
	at org.openqa.selenium.By$ByXPath.findElements(By.java:348)
	at org.openqa.selenium.remote.RemoteWebDriver.findElements(RemoteWebDriver.java:311)
	at org.openqa.selenium.support.events.EventFiringWebDriver.lambda$new$1(EventFiringWebDriver.java:105)
	at com.sun.proxy.$Proxy10.findElements(Unknown Source)
	at org.openqa.selenium.support.events.EventFiringWebDriver.findElements(EventFiringWebDriver.java:182)
	at com.kms.katalon.core.webui.common.WebUiCommonHelper.findElementByNormalMethods(WebUiCommonHelper.java:1022)
	at com.kms.katalon.core.webui.common.WebUiCommonHelper.findElementsBySelectedMethod(WebUiCommonHelper.java:912)
	at com.kms.katalon.core.webui.common.WebUiCommonHelper.findElementsBySelectedMethod(WebUiCommonHelper.java:894)
	at com.kms.katalon.core.webui.common.WebUiCommonHelper.findElementsBySelectedMethod(WebUiCommonHelper.java:889)
	at com.kms.katalon.core.webui.common.WebUiCommonHelper.findElementsByDefault(WebUiCommonHelper.java:885)
	at com.kms.katalon.core.webui.common.WebUiCommonHelper.findElementsWithSelfHealing(WebUiCommonHelper.java:733)
	at com.kms.katalon.core.webui.common.WebUiCommonHelper.findWebElements(WebUiCommonHelper.java:718)
	at com.kms.katalon.core.webui.common.WebUiCommonHelper.findWebElement(WebUiCommonHelper.java:1371)
	at com.kms.katalon.core.webui.keyword.internal.WebUIAbstractKeyword.findWebElement(WebUIAbstractKeyword.groovy:27)
	at com.kms.katalon.core.webui.keyword.internal.WebUIAbstractKeyword.findWebElement(WebUIAbstractKeyword.groovy:26)
	at com.kms.katalon.core.webui.keyword.builtin.SetTextKeyword$_setText_closure1.doCall(SetTextKeyword.groovy:51)
	at com.kms.katalon.core.webui.keyword.builtin.SetTextKeyword$_setText_closure1.call(SetTextKeyword.groovy)
	at com.kms.katalon.core.webui.keyword.internal.WebUIKeywordMain.runKeyword(WebUIKeywordMain.groovy:20)
	... 19 more]]></system-err>
   </testsuite>
</testsuites>
